Using pre-set license
Built from '2020.3/release' branch; Version is '2020.3.7f1 (dd97f2c94397) revision 14522354'; Using compiler version '192528614'; Build Type 'Release'
OS: 'Windows 10 Home; OS build 19041.928; Version 2004; 64bit' Language: 'ko' Physical Memory: 16316 MB
BatchMode: 1, IsHumanControllingUs: 0, StartBugReporterOnCrash: 0, Is64bit: 1, IsPro: 0

 COMMAND LINE ARGUMENTS:
C:\Program Files\2020.3.7f1\Editor\Unity.exe
-adb2
-batchMode
-noUpm
-name
AssetImportWorker0
-projectPath
C:/Users/dudgn/Desktop/수업/5.게임제작(목)/ex/GamMake1
-logFile
Logs/AssetImportWorker0.log
-srvPort
61852
Successfully changed project path to: C:/Users/dudgn/Desktop/수업/5.게임제작(목)/ex/GamMake1
C:/Users/dudgn/Desktop/수업/5.게임제작(목)/ex/GamMake1
Using Asset Import Pipeline V2.
Refreshing native plugins compatible for Editor in 52.34 ms, found 2 plugins.
Preloading 0 native plugins for Editor in 0.00 ms.
Initialize engine version: 2020.3.7f1 (dd97f2c94397)
[Subsystems] Discovering subsystems at path C:/Program Files/2020.3.7f1/Editor/Data/Resources/UnitySubsystems
[Subsystems] Discovering subsystems at path C:/Users/dudgn/Desktop/수업/5.게임제작(목)/ex/GamMake1/Assets
GfxDevice: creating device client; threaded=0
Direct3D:
    Version:  Direct3D 11.0 [level 11.1]
    Renderer: NVIDIA GeForce GTX 1070 (ID=0x1b81)
    Vendor:   
    VRAM:     8088 MB
    Driver:   27.21.14.6589
Initialize mono
Mono path[0] = 'C:/Program Files/2020.3.7f1/Editor/Data/Managed'
Mono path[1] = 'C:/Program Files/2020.3.7f1/Editor/Data/MonoBleedingEdge/lib/mono/unityjit'
Mono config path = 'C:/Program Files/2020.3.7f1/Editor/Data/MonoBleedingEdge/etc'
Using monoOptions --debugger-agent=transport=dt_socket,embedding=1,server=y,suspend=n,address=127.0.0.1:56088
Begin MonoManager ReloadAssembly
Registering precompiled unity dll's ...
Register platform support module: C:/Program Files/2020.3.7f1/Editor/Data/PlaybackEngines/WindowsStandaloneSupport/UnityEditor.WindowsStandalone.Extensions.dll
Registered in 0.002607 seconds.
Native extension for WindowsStandalone target not found
Refreshing native plugins compatible for Editor in 48.31 ms, found 2 plugins.
Preloading 0 native plugins for Editor in 0.00 ms.
Mono: successfully reloaded assembly
- Completed reload, in  2.302 seconds
Platform modules already initialized, skipping
Registering precompiled user dll's ...
Registered in 0.009953 seconds.
Begin MonoManager ReloadAssembly
Native extension for WindowsStandalone target not found
Refreshing native plugins compatible for Editor in 48.24 ms, found 2 plugins.
Preloading 0 native plugins for Editor in 0.00 ms.
Mono: successfully reloaded assembly
- Completed reload, in  1.326 seconds
Platform modules already initialized, skipping
========================================================================
Worker process is ready to serve import requests
Launched and connected shader compiler UnityShaderCompiler.exe after 0.05 seconds
Refreshing native plugins compatible for Editor in 0.57 ms, found 2 plugins.
Preloading 0 native plugins for Editor in 0.00 ms.
Unloading 1825 Unused Serialized files (Serialized files now loaded: 0)
System memory in use before: 88.6 MB.
System memory in use after: 88.5 MB.

Unloading 40 unused Assets to reduce memory usage. Loaded Objects now: 2336.
Total: 2.528500 ms (FindLiveObjects: 0.250700 ms CreateObjectMapping: 0.056300 ms MarkObjects: 2.069100 ms  DeleteObjects: 0.151100 ms)

========================================================================
Received Import Request.
  path: Assets/Ludiq
  artifactKey: Guid(1f1c25471478ca44a9cb263d6a501f6a) Importer(815301076,1909f56bfc062723c751e8b465ee728b)
Start importing Assets/Ludiq using Guid(1f1c25471478ca44a9cb263d6a501f6a) Importer(815301076,1909f56bfc062723c751e8b465ee728b)  -> (artifact id: '16fc5b17179563d01a03719155e5f9a0') in 0.015861 seconds
  Import took 0.019513 seconds .

========================================================================
Received Import Request.
  Time since last request: 132.563261 seconds.
  path: Assets/Macro
  artifactKey: Guid(eb6e860f189c8e943959e19dbc08cce0) Importer(815301076,1909f56bfc062723c751e8b465ee728b)
Start importing Assets/Macro using Guid(eb6e860f189c8e943959e19dbc08cce0) Importer(815301076,1909f56bfc062723c751e8b465ee728b)  -> (artifact id: '9944185cc269f78249bea071f04a2be6') in 0.008657 seconds
  Import took 0.012111 seconds .

========================================================================
Received Import Request.
  Time since last request: 0.057509 seconds.
  path: Assets/Macro/Player.asset
  artifactKey: Guid(90ccb7eb23d884d4dafeb6ce4732b4b3) Importer(815301076,1909f56bfc062723c751e8b465ee728b)
Start importing Assets/Macro/Player.asset using Guid(90ccb7eb23d884d4dafeb6ce4732b4b3) Importer(815301076,1909f56bfc062723c751e8b465ee728b)  -> (artifact id: 'a72a172c42ad9e7340aac4384ef286f5') in 0.247714 seconds
  Import took 0.251375 seconds .

========================================================================
Received Import Request.
  Time since last request: 735.706975 seconds.
  path: Assets/Macro/Player.asset
  artifactKey: Guid(90ccb7eb23d884d4dafeb6ce4732b4b3) Importer(815301076,1909f56bfc062723c751e8b465ee728b)
Start importing Assets/Macro/Player.asset using Guid(90ccb7eb23d884d4dafeb6ce4732b4b3) Importer(815301076,1909f56bfc062723c751e8b465ee728b)  -> (artifact id: 'a6313cb0eec55c3a1f0016eb6736c626') in 0.377051 seconds
  Import took 0.380680 seconds .

========================================================================
Received Prepare
Registering precompiled user dll's ...
Registered in 0.009352 seconds.
Begin MonoManager ReloadAssembly
Native extension for WindowsStandalone target not found
Refreshing native plugins compatible for Editor in 0.59 ms, found 2 plugins.
Preloading 0 native plugins for Editor in 0.00 ms.
Mono: successfully reloaded assembly
- Completed reload, in  1.216 seconds
Platform modules already initialized, skipping
Refreshing native plugins compatible for Editor in 0.59 ms, found 2 plugins.
Preloading 0 native plugins for Editor in 0.00 ms.
Unloading 1820 Unused Serialized files (Serialized files now loaded: 0)
System memory in use before: 88.5 MB.
System memory in use after: 88.5 MB.

Unloading 28 unused Assets to reduce memory usage. Loaded Objects now: 2340.
Total: 2.685800 ms (FindLiveObjects: 0.314700 ms CreateObjectMapping: 0.118400 ms MarkObjects: 2.121200 ms  DeleteObjects: 0.129800 ms)

========================================================================
Received Prepare
Registering precompiled user dll's ...
Registered in 0.009389 seconds.
Begin MonoManager ReloadAssembly
Native extension for WindowsStandalone target not found
Refreshing native plugins compatible for Editor in 0.60 ms, found 2 plugins.
Preloading 0 native plugins for Editor in 0.00 ms.
Mono: successfully reloaded assembly
- Completed reload, in  1.159 seconds
Platform modules already initialized, skipping
Refreshing native plugins compatible for Editor in 0.60 ms, found 2 plugins.
Preloading 0 native plugins for Editor in 0.00 ms.
Unloading 1820 Unused Serialized files (Serialized files now loaded: 0)
System memory in use before: 88.6 MB.
System memory in use after: 88.6 MB.

Unloading 28 unused Assets to reduce memory usage. Loaded Objects now: 2344.
Total: 2.663100 ms (FindLiveObjects: 0.274100 ms CreateObjectMapping: 0.072700 ms MarkObjects: 2.176100 ms  DeleteObjects: 0.138900 ms)

========================================================================
Received Prepare
Registering precompiled user dll's ...
Registered in 0.009305 seconds.
Begin MonoManager ReloadAssembly
Native extension for WindowsStandalone target not found
Refreshing native plugins compatible for Editor in 0.65 ms, found 2 plugins.
Preloading 0 native plugins for Editor in 0.00 ms.
Mono: successfully reloaded assembly
- Completed reload, in  1.185 seconds
Platform modules already initialized, skipping
Refreshing native plugins compatible for Editor in 0.59 ms, found 2 plugins.
Preloading 0 native plugins for Editor in 0.00 ms.
Unloading 1820 Unused Serialized files (Serialized files now loaded: 0)
System memory in use before: 88.6 MB.
System memory in use after: 88.6 MB.

Unloading 28 unused Assets to reduce memory usage. Loaded Objects now: 2348.
Total: 2.443100 ms (FindLiveObjects: 0.227500 ms CreateObjectMapping: 0.052400 ms MarkObjects: 2.027000 ms  DeleteObjects: 0.135300 ms)

========================================================================
Received Import Request.
  Time since last request: 295.064071 seconds.
  path: Assets/Macro/Player.asset
  artifactKey: Guid(90ccb7eb23d884d4dafeb6ce4732b4b3) Importer(815301076,1909f56bfc062723c751e8b465ee728b)
Start importing Assets/Macro/Player.asset using Guid(90ccb7eb23d884d4dafeb6ce4732b4b3) Importer(815301076,1909f56bfc062723c751e8b465ee728b)  -> (artifact id: 'dc53d6af9667100c8b1bc227389e2edb') in 0.613890 seconds
  Import took 0.617390 seconds .

========================================================================
Received Prepare
Registering precompiled user dll's ...
Registered in 0.009522 seconds.
Begin MonoManager ReloadAssembly
Native extension for WindowsStandalone target not found
Refreshing native plugins compatible for Editor in 0.61 ms, found 2 plugins.
Preloading 0 native plugins for Editor in 0.00 ms.
Mono: successfully reloaded assembly
- Completed reload, in  1.191 seconds
Platform modules already initialized, skipping
Refreshing native plugins compatible for Editor in 0.60 ms, found 2 plugins.
Preloading 0 native plugins for Editor in 0.00 ms.
Unloading 1820 Unused Serialized files (Serialized files now loaded: 0)
System memory in use before: 88.7 MB.
System memory in use after: 88.6 MB.

Unloading 28 unused Assets to reduce memory usage. Loaded Objects now: 2352.
Total: 2.745800 ms (FindLiveObjects: 0.271600 ms CreateObjectMapping: 0.055600 ms MarkObjects: 2.258900 ms  DeleteObjects: 0.158000 ms)

========================================================================
Received Prepare
Registering precompiled user dll's ...
Registered in 0.009132 seconds.
Begin MonoManager ReloadAssembly
Native extension for WindowsStandalone target not found
Refreshing native plugins compatible for Editor in 0.58 ms, found 2 plugins.
Preloading 0 native plugins for Editor in 0.00 ms.
Mono: successfully reloaded assembly
- Completed reload, in  1.174 seconds
Platform modules already initialized, skipping
Refreshing native plugins compatible for Editor in 0.59 ms, found 2 plugins.
Preloading 0 native plugins for Editor in 0.00 ms.
Unloading 1820 Unused Serialized files (Serialized files now loaded: 0)
System memory in use before: 88.7 MB.
System memory in use after: 88.6 MB.

Unloading 28 unused Assets to reduce memory usage. Loaded Objects now: 2356.
Total: 2.548100 ms (FindLiveObjects: 0.251300 ms CreateObjectMapping: 0.054700 ms MarkObjects: 2.109600 ms  DeleteObjects: 0.131500 ms)

========================================================================
Received Import Request.
  Time since last request: 278.524826 seconds.
  path: Assets/Ani
  artifactKey: Guid(ae7d27b5e45578d479b48b1145813996) Importer(815301076,1909f56bfc062723c751e8b465ee728b)
Start importing Assets/Ani using Guid(ae7d27b5e45578d479b48b1145813996) Importer(815301076,1909f56bfc062723c751e8b465ee728b)  -> (artifact id: '63f634ab1f7898b8c1927dd4bad202b3') in 0.015449 seconds
  Import took 0.018961 seconds .

========================================================================
Received Prepare
Registering precompiled user dll's ...
Registered in 0.009253 seconds.
Begin MonoManager ReloadAssembly
Native extension for WindowsStandalone target not found
Refreshing native plugins compatible for Editor in 0.61 ms, found 2 plugins.
Preloading 0 native plugins for Editor in 0.00 ms.
Mono: successfully reloaded assembly
- Completed reload, in  1.159 seconds
Platform modules already initialized, skipping
Refreshing native plugins compatible for Editor in 0.60 ms, found 2 plugins.
Preloading 0 native plugins for Editor in 0.00 ms.
Unloading 1820 Unused Serialized files (Serialized files now loaded: 0)
System memory in use before: 88.7 MB.
System memory in use after: 88.6 MB.

Unloading 28 unused Assets to reduce memory usage. Loaded Objects now: 2360.
Total: 2.870600 ms (FindLiveObjects: 0.284100 ms CreateObjectMapping: 0.056400 ms MarkObjects: 2.374900 ms  DeleteObjects: 0.154000 ms)

========================================================================
Received Import Request.
  Time since last request: 29.605314 seconds.
  path: Assets/Ani/Player.controller
  artifactKey: Guid(c3a8b6bcca07deb49aa09f3f7771babf) Importer(815301076,1909f56bfc062723c751e8b465ee728b)
Start importing Assets/Ani/Player.controller using Guid(c3a8b6bcca07deb49aa09f3f7771babf) Importer(815301076,1909f56bfc062723c751e8b465ee728b)  -> (artifact id: 'cfb199256eb75d5764587f1f416a2255') in 0.018361 seconds
  Import took 0.021892 seconds .

========================================================================
Received Import Request.
  Time since last request: 607.435374 seconds.
  path: Assets/Image/Player_Idle/Anim_IDLE_00001.controller
  artifactKey: Guid(7efa1b1dc9424a14cad0328b4ba4e7c5) Importer(815301076,1909f56bfc062723c751e8b465ee728b)
Start importing Assets/Image/Player_Idle/Anim_IDLE_00001.controller using Guid(7efa1b1dc9424a14cad0328b4ba4e7c5) Importer(815301076,1909f56bfc062723c751e8b465ee728b)  -> (artifact id: '6f0be4ae610df612b5ea3aafd6681ea9') in 0.008686 seconds
  Import took 0.012755 seconds .

========================================================================
Received Import Request.
  Time since last request: 62.388394 seconds.
  path: Assets/Ani/Player_Idle.anim
  artifactKey: Guid(cefa643e21fed6f45ba18df073130ad2) Importer(815301076,1909f56bfc062723c751e8b465ee728b)
Start importing Assets/Ani/Player_Idle.anim using Guid(cefa643e21fed6f45ba18df073130ad2) Importer(815301076,1909f56bfc062723c751e8b465ee728b)  -> (artifact id: '6868bd5973b16971d09545c7566a06ce') in 0.006054 seconds
  Import took 0.009432 seconds .

========================================================================
Received Import Request.
  Time since last request: 0.005148 seconds.
  path: Assets/Ani/Player_Idle.anim
  artifactKey: Guid(cefa643e21fed6f45ba18df073130ad2) Importer(815301076,1909f56bfc062723c751e8b465ee728b)
Start importing Assets/Ani/Player_Idle.anim using Guid(cefa643e21fed6f45ba18df073130ad2) Importer(815301076,1909f56bfc062723c751e8b465ee728b)  -> (artifact id: '6868bd5973b16971d09545c7566a06ce') in 0.003801 seconds
  Import took 0.007311 seconds .

========================================================================
Received Prepare
Registering precompiled user dll's ...
Registered in 0.009348 seconds.
Begin MonoManager ReloadAssembly
Native extension for WindowsStandalone target not found
Refreshing native plugins compatible for Editor in 0.68 ms, found 2 plugins.
Preloading 0 native plugins for Editor in 0.00 ms.
Mono: successfully reloaded assembly
- Completed reload, in  1.193 seconds
Platform modules already initialized, skipping
Refreshing native plugins compatible for Editor in 0.59 ms, found 2 plugins.
Preloading 0 native plugins for Editor in 0.00 ms.
Unloading 1820 Unused Serialized files (Serialized files now loaded: 0)
System memory in use before: 88.7 MB.
System memory in use after: 88.7 MB.

Unloading 28 unused Assets to reduce memory usage. Loaded Objects now: 2364.
Total: 2.566400 ms (FindLiveObjects: 0.290400 ms CreateObjectMapping: 0.062100 ms MarkObjects: 2.078300 ms  DeleteObjects: 0.134600 ms)

========================================================================
Received Import Request.
  Time since last request: 130.068269 seconds.
  path: Assets/Ani/Player_Walk.anim
  artifactKey: Guid(ebcef8a8c6e521c4c883a8be4a0df1ce) Importer(815301076,1909f56bfc062723c751e8b465ee728b)
Start importing Assets/Ani/Player_Walk.anim using Guid(ebcef8a8c6e521c4c883a8be4a0df1ce) Importer(815301076,1909f56bfc062723c751e8b465ee728b)  -> (artifact id: '9682a3031fd960d0b70b13e5607c78fd') in 0.018195 seconds
  Import took 0.021961 seconds .

========================================================================
Received Import Request.
  Time since last request: 0.003567 seconds.
  path: Assets/Ani/Player_Walk.anim
  artifactKey: Guid(ebcef8a8c6e521c4c883a8be4a0df1ce) Importer(815301076,1909f56bfc062723c751e8b465ee728b)
Start importing Assets/Ani/Player_Walk.anim using Guid(ebcef8a8c6e521c4c883a8be4a0df1ce) Importer(815301076,1909f56bfc062723c751e8b465ee728b)  -> (artifact id: '9682a3031fd960d0b70b13e5607c78fd') in 0.003747 seconds
  Import took 0.007010 seconds .

========================================================================
Received Prepare
Registering precompiled user dll's ...
Registered in 0.009314 seconds.
Begin MonoManager ReloadAssembly
Native extension for WindowsStandalone target not found
Refreshing native plugins compatible for Editor in 0.60 ms, found 2 plugins.
Preloading 0 native plugins for Editor in 0.00 ms.
Mono: successfully reloaded assembly
- Completed reload, in  1.200 seconds
Platform modules already initialized, skipping
Refreshing native plugins compatible for Editor in 0.59 ms, found 2 plugins.
Preloading 0 native plugins for Editor in 0.00 ms.
Unloading 1820 Unused Serialized files (Serialized files now loaded: 0)
System memory in use before: 88.7 MB.
System memory in use after: 88.7 MB.

Unloading 28 unused Assets to reduce memory usage. Loaded Objects now: 2368.
Total: 2.723200 ms (FindLiveObjects: 0.230700 ms CreateObjectMapping: 0.053400 ms MarkObjects: 2.297100 ms  DeleteObjects: 0.140700 ms)

========================================================================
Received Import Request.
  Time since last request: 272.886522 seconds.
  path: Assets/Macro/Player.asset
  artifactKey: Guid(90ccb7eb23d884d4dafeb6ce4732b4b3) Importer(815301076,1909f56bfc062723c751e8b465ee728b)
Start importing Assets/Macro/Player.asset using Guid(90ccb7eb23d884d4dafeb6ce4732b4b3) Importer(815301076,1909f56bfc062723c751e8b465ee728b)  -> (artifact id: '158e332d821a6c77c707f83cb9937368') in 0.664799 seconds
  Import took 0.668538 seconds .

========================================================================
Received Import Request.
  Time since last request: 168.575924 seconds.
  path: Assets/Ani/Player.controller
  artifactKey: Guid(c3a8b6bcca07deb49aa09f3f7771babf) Importer(815301076,1909f56bfc062723c751e8b465ee728b)
Start importing Assets/Ani/Player.controller using Guid(c3a8b6bcca07deb49aa09f3f7771babf) Importer(815301076,1909f56bfc062723c751e8b465ee728b)  -> (artifact id: '4538183fbe5eb41c184b31f3ea83d2f2') in 0.005784 seconds
  Import took 0.009555 seconds .

========================================================================
Received Prepare
Registering precompiled user dll's ...
Registered in 0.009599 seconds.
Begin MonoManager ReloadAssembly
Native extension for WindowsStandalone target not found
Refreshing native plugins compatible for Editor in 0.59 ms, found 2 plugins.
Preloading 0 native plugins for Editor in 0.00 ms.
Mono: successfully reloaded assembly
- Completed reload, in  1.175 seconds
Platform modules already initialized, skipping
Refreshing native plugins compatible for Editor in 0.57 ms, found 2 plugins.
Preloading 0 native plugins for Editor in 0.00 ms.
Unloading 1820 Unused Serialized files (Serialized files now loaded: 0)
System memory in use before: 88.7 MB.
System memory in use after: 88.7 MB.

Unloading 28 unused Assets to reduce memory usage. Loaded Objects now: 2372.
Total: 3.010400 ms (FindLiveObjects: 0.341900 ms CreateObjectMapping: 0.058800 ms MarkObjects: 2.436800 ms  DeleteObjects: 0.172000 ms)

========================================================================
Received Prepare
Registering precompiled user dll's ...
Registered in 0.009451 seconds.
Begin MonoManager ReloadAssembly
Native extension for WindowsStandalone target not found
Refreshing native plugins compatible for Editor in 0.60 ms, found 2 plugins.
Preloading 0 native plugins for Editor in 0.00 ms.
Mono: successfully reloaded assembly
- Completed reload, in  1.201 seconds
Platform modules already initialized, skipping
Refreshing native plugins compatible for Editor in 0.59 ms, found 2 plugins.
Preloading 0 native plugins for Editor in 0.00 ms.
Unloading 1820 Unused Serialized files (Serialized files now loaded: 0)
System memory in use before: 88.7 MB.
System memory in use after: 88.7 MB.

Unloading 28 unused Assets to reduce memory usage. Loaded Objects now: 2376.
Total: 2.540300 ms (FindLiveObjects: 0.240900 ms CreateObjectMapping: 0.054500 ms MarkObjects: 2.103600 ms  DeleteObjects: 0.140300 ms)

========================================================================
Received Prepare
Registering precompiled user dll's ...
Registered in 0.009138 seconds.
Begin MonoManager ReloadAssembly
Native extension for WindowsStandalone target not found
Refreshing native plugins compatible for Editor in 0.61 ms, found 2 plugins.
Preloading 0 native plugins for Editor in 0.00 ms.
Mono: successfully reloaded assembly
- Completed reload, in  1.204 seconds
Platform modules already initialized, skipping
Refreshing native plugins compatible for Editor in 0.59 ms, found 2 plugins.
Preloading 0 native plugins for Editor in 0.00 ms.
Unloading 1820 Unused Serialized files (Serialized files now loaded: 0)
System memory in use before: 88.7 MB.
System memory in use after: 88.7 MB.

Unloading 28 unused Assets to reduce memory usage. Loaded Objects now: 2380.
Total: 2.676900 ms (FindLiveObjects: 0.301400 ms CreateObjectMapping: 0.055600 ms MarkObjects: 2.162800 ms  DeleteObjects: 0.155200 ms)

AssetImportWorkerClient::OnTransportError - code=2 error=End of file
